<?xml version="1.0" encoding="UTF-8"?>
<!-- Generated by org.testng.reporters.JUnitReportReporter -->
<testsuite hostname="DESKTOP-7KS9I4R" failures="0" tests="1" name="Automation.Pushpendra" time="46.407" errors="0" timestamp="2023-12-29T20:44:26 IST" skipped="0">
  <testcase classname="Automation.Pushpendra" name="Broswer" time="46.407"/>
  <system-out/>
</testsuite> <!-- Automation.Pushpendra -->
